Building DAG of jobs...
Using shell: /usr/bin/bash
Provided cores: 30
Rules claiming more threads will be scaled down.
Job stats:
job      count    min threads    max threads
-----  -------  -------------  -------------
all          1              1              1
kb           8              1              1
total        9              1              1

Select jobs to execute...

[Thu Nov 18 14:59:33 2021]
rule kb:
    input: /home/tchari/counts/hagai_lps/25119_1_S1_L001_R1_001.fastq.gz, /home/tchari/counts/hagai_lps/25119_1_S1_L001_R2_001.fastq.gz
    output: /home/tchari/counts/hagai_lps/25119_1
    jobid: 6
    wildcards: sample=25119_1
    resources: tmpdir=/tmp


[Thu Nov 18 14:59:33 2021]
rule kb:
    input: /home/tchari/counts/hagai_lps/25119_2_S1_L001_R1_001.fastq.gz, /home/tchari/counts/hagai_lps/25119_2_S1_L001_R2_001.fastq.gz
    output: /home/tchari/counts/hagai_lps/25119_2
    jobid: 4
    wildcards: sample=25119_2
    resources: tmpdir=/tmp


[Thu Nov 18 14:59:33 2021]
rule kb:
    input: /home/tchari/counts/hagai_lps/25119_3_S1_L001_R1_001.fastq.gz, /home/tchari/counts/hagai_lps/25119_3_S1_L001_R2_001.fastq.gz
    output: /home/tchari/counts/hagai_lps/25119_3
    jobid: 8
    wildcards: sample=25119_3
    resources: tmpdir=/tmp


[Thu Nov 18 14:59:33 2021]
rule kb:
    input: /home/tchari/counts/hagai_lps/24754_6_S1_L001_R1_001.fastq.gz, /home/tchari/counts/hagai_lps/24754_6_S1_L001_R2_001.fastq.gz
    output: /home/tchari/counts/hagai_lps/24754_6
    jobid: 3
    wildcards: sample=24754_6
    resources: tmpdir=/tmp

[Thu Nov 18 14:59:33 2021]
[Thu Nov 18 14:59:33 2021]
[Thu Nov 18 14:59:33 2021]

Error in rule kb:
Error in rule kb:
Error in rule kb:
[Thu Nov 18 14:59:33 2021]
    jobid: 6
    jobid: 4
    jobid: 8
rule kb:
    input: /home/tchari/counts/hagai_lps/25119_4_S1_L001_R1_001.fastq.gz, /home/tchari/counts/hagai_lps/25119_4_S1_L001_R2_001.fastq.gz
    output: /home/tchari/counts/hagai_lps/25119_4
    jobid: 1
    wildcards: sample=25119_4
    resources: tmpdir=/tmp
    output: /home/tchari/counts/hagai_lps/25119_1
    output: /home/tchari/counts/hagai_lps/25119_2
    output: /home/tchari/counts/hagai_lps/25119_3

    shell:
        kb count --verbose 		-i /home/ggorin/ref/refdata-gex-mm10-2020-A/kallisto/index.idx 		-g /home/ggorin/ref/refdata-gex-mm10-2020-A/t2g_mm10.txt 		-x 10xv2 		-o /home/tchari/counts/hagai_lps/25119_1 		-t 30 -m 30G 		-c1 /home/ggorin/ref/refdata-gex-mm10-2020-A/kallisto/cdna_t2c.txt 		-c2 /home/ggorin/ref/refdata-gex-mm10-2020-A/kallisto/intron_t2c.txt 		--workflow lamanno --filter bustools --overwrite --loom 		/home/tchari/counts/hagai_lps/25119_1_S1_L001_R1_001.fastq.gz 		/home/tchari/counts/hagai_lps/25119_1_S1_L001_R2_001.fastq.gz
        (one of the commands exited with non-zero exit code; note that snakemake uses bash strict mode!)
    shell:
        kb count --verbose 		-i /home/ggorin/ref/refdata-gex-mm10-2020-A/kallisto/index.idx 		-g /home/ggorin/ref/refdata-gex-mm10-2020-A/t2g_mm10.txt 		-x 10xv2 		-o /home/tchari/counts/hagai_lps/25119_2 		-t 30 -m 30G 		-c1 /home/ggorin/ref/refdata-gex-mm10-2020-A/kallisto/cdna_t2c.txt 		-c2 /home/ggorin/ref/refdata-gex-mm10-2020-A/kallisto/intron_t2c.txt 		--workflow lamanno --filter bustools --overwrite --loom 		/home/tchari/counts/hagai_lps/25119_2_S1_L001_R1_001.fastq.gz 		/home/tchari/counts/hagai_lps/25119_2_S1_L001_R2_001.fastq.gz
        (one of the commands exited with non-zero exit code; note that snakemake uses bash strict mode!)
    shell:
        kb count --verbose 		-i /home/ggorin/ref/refdata-gex-mm10-2020-A/kallisto/index.idx 		-g /home/ggorin/ref/refdata-gex-mm10-2020-A/t2g_mm10.txt 		-x 10xv2 		-o /home/tchari/counts/hagai_lps/25119_3 		-t 30 -m 30G 		-c1 /home/ggorin/ref/refdata-gex-mm10-2020-A/kallisto/cdna_t2c.txt 		-c2 /home/ggorin/ref/refdata-gex-mm10-2020-A/kallisto/intron_t2c.txt 		--workflow lamanno --filter bustools --overwrite --loom 		/home/tchari/counts/hagai_lps/25119_3_S1_L001_R1_001.fastq.gz 		/home/tchari/counts/hagai_lps/25119_3_S1_L001_R2_001.fastq.gz
        (one of the commands exited with non-zero exit code; note that snakemake uses bash strict mode!)

[Thu Nov 18 14:59:33 2021]


Error in rule kb:

    jobid: 3
[Thu Nov 18 14:59:33 2021]
    output: /home/tchari/counts/hagai_lps/24754_6
rule kb:
    input: /home/tchari/counts/hagai_lps/24728_6_S1_L001_R1_001.fastq.gz, /home/tchari/counts/hagai_lps/24728_6_S1_L001_R2_001.fastq.gz
    output: /home/tchari/counts/hagai_lps/24728_6
    jobid: 2
    wildcards: sample=24728_6
    resources: tmpdir=/tmp
    shell:
        kb count --verbose 		-i /home/ggorin/ref/refdata-gex-mm10-2020-A/kallisto/index.idx 		-g /home/ggorin/ref/refdata-gex-mm10-2020-A/t2g_mm10.txt 		-x 10xv2 		-o /home/tchari/counts/hagai_lps/24754_6 		-t 30 -m 30G 		-c1 /home/ggorin/ref/refdata-gex-mm10-2020-A/kallisto/cdna_t2c.txt 		-c2 /home/ggorin/ref/refdata-gex-mm10-2020-A/kallisto/intron_t2c.txt 		--workflow lamanno --filter bustools --overwrite --loom 		/home/tchari/counts/hagai_lps/24754_6_S1_L001_R1_001.fastq.gz 		/home/tchari/counts/hagai_lps/24754_6_S1_L001_R2_001.fastq.gz
        (one of the commands exited with non-zero exit code; note that snakemake uses bash strict mode!)



[Thu Nov 18 14:59:33 2021]
rule kb:
    input: /home/tchari/counts/hagai_lps/24754_8_S1_L001_R1_001.fastq.gz, /home/tchari/counts/hagai_lps/24754_8_S1_L001_R2_001.fastq.gz
    output: /home/tchari/counts/hagai_lps/24754_8
    jobid: 5
    wildcards: sample=24754_8
    resources: tmpdir=/tmp
[Thu Nov 18 14:59:33 2021]

Error in rule kb:
    jobid: 1
    output: /home/tchari/counts/hagai_lps/25119_4
    shell:
        kb count --verbose 		-i /home/ggorin/ref/refdata-gex-mm10-2020-A/kallisto/index.idx 		-g /home/ggorin/ref/refdata-gex-mm10-2020-A/t2g_mm10.txt 		-x 10xv2 		-o /home/tchari/counts/hagai_lps/25119_4 		-t 30 -m 30G 		-c1 /home/ggorin/ref/refdata-gex-mm10-2020-A/kallisto/cdna_t2c.txt 		-c2 /home/ggorin/ref/refdata-gex-mm10-2020-A/kallisto/intron_t2c.txt 		--workflow lamanno --filter bustools --overwrite --loom 		/home/tchari/counts/hagai_lps/25119_4_S1_L001_R1_001.fastq.gz 		/home/tchari/counts/hagai_lps/25119_4_S1_L001_R2_001.fastq.gz
        (one of the commands exited with non-zero exit code; note that snakemake uses bash strict mode!)


[Thu Nov 18 14:59:33 2021]
rule kb:
    input: /home/tchari/counts/hagai_lps/24754_7_S1_L001_R1_001.fastq.gz, /home/tchari/counts/hagai_lps/24754_7_S1_L001_R2_001.fastq.gz
    output: /home/tchari/counts/hagai_lps/24754_7
    jobid: 7
    wildcards: sample=24754_7
    resources: tmpdir=/tmp
[Thu Nov 18 14:59:33 2021]

Error in rule kb:
    jobid: 2
    output: /home/tchari/counts/hagai_lps/24728_6
    shell:
        kb count --verbose 		-i /home/ggorin/ref/refdata-gex-mm10-2020-A/kallisto/index.idx 		-g /home/ggorin/ref/refdata-gex-mm10-2020-A/t2g_mm10.txt 		-x 10xv2 		-o /home/tchari/counts/hagai_lps/24728_6 		-t 30 -m 30G 		-c1 /home/ggorin/ref/refdata-gex-mm10-2020-A/kallisto/cdna_t2c.txt 		-c2 /home/ggorin/ref/refdata-gex-mm10-2020-A/kallisto/intron_t2c.txt 		--workflow lamanno --filter bustools --overwrite --loom 		/home/tchari/counts/hagai_lps/24728_6_S1_L001_R1_001.fastq.gz 		/home/tchari/counts/hagai_lps/24728_6_S1_L001_R2_001.fastq.gz
        (one of the commands exited with non-zero exit code; note that snakemake uses bash strict mode!)

[Thu Nov 18 14:59:33 2021]
Error in rule kb:
    jobid: 5
    output: /home/tchari/counts/hagai_lps/24754_8
    shell:
        kb count --verbose 		-i /home/ggorin/ref/refdata-gex-mm10-2020-A/kallisto/index.idx 		-g /home/ggorin/ref/refdata-gex-mm10-2020-A/t2g_mm10.txt 		-x 10xv2 		-o /home/tchari/counts/hagai_lps/24754_8 		-t 30 -m 30G 		-c1 /home/ggorin/ref/refdata-gex-mm10-2020-A/kallisto/cdna_t2c.txt 		-c2 /home/ggorin/ref/refdata-gex-mm10-2020-A/kallisto/intron_t2c.txt 		--workflow lamanno --filter bustools --overwrite --loom 		/home/tchari/counts/hagai_lps/24754_8_S1_L001_R1_001.fastq.gz 		/home/tchari/counts/hagai_lps/24754_8_S1_L001_R2_001.fastq.gz
        (one of the commands exited with non-zero exit code; note that snakemake uses bash strict mode!)

[Thu Nov 18 14:59:33 2021]
Error in rule kb:
    jobid: 7
    output: /home/tchari/counts/hagai_lps/24754_7
    shell:
        kb count --verbose 		-i /home/ggorin/ref/refdata-gex-mm10-2020-A/kallisto/index.idx 		-g /home/ggorin/ref/refdata-gex-mm10-2020-A/t2g_mm10.txt 		-x 10xv2 		-o /home/tchari/counts/hagai_lps/24754_7 		-t 30 -m 30G 		-c1 /home/ggorin/ref/refdata-gex-mm10-2020-A/kallisto/cdna_t2c.txt 		-c2 /home/ggorin/ref/refdata-gex-mm10-2020-A/kallisto/intron_t2c.txt 		--workflow lamanno --filter bustools --overwrite --loom 		/home/tchari/counts/hagai_lps/24754_7_S1_L001_R1_001.fastq.gz 		/home/tchari/counts/hagai_lps/24754_7_S1_L001_R2_001.fastq.gz
        (one of the commands exited with non-zero exit code; note that snakemake uses bash strict mode!)

Shutting down, this might take some time.
Exiting because a job execution failed. Look above for error message
Complete log: /home/tchari/scripts/.snakemake/log/2021-11-18T145932.714551.snakemake.log
